#
# A fatal error has been detected by the Java Runtime Environment:
#
#  SIGSEGV (0xb) at pc=0x000000011049e620, pid=20404, tid=6048133120
#
# JRE version: 7.0_04-b21
# Java VM: Java HotSpot(TM) 64-Bit Server VM (23.0-b21 mixed mode bsd-amd64 compressed oops)
# Problematic frame:
# V  [libjvm.dylib+0x48d620]
#
# Failed to write core dump. Core dumps have been disabled. To enable core dumping, try "ulimit -c unlimited" before starting Java again
#
# If you would like to submit a bug report, please visit:
#   http://bugreport.sun.com/bugreport/crash.jsp
#

---------------  T H R E A D  ---------------

Current thread (0x00007fda6a80a800):  JavaThread "JDWP Transport Listener: dt_socket" daemon [_thread_in_vm, id=1753165824, stack(0x00000001686f3000,0x00000001687f3000)]

siginfo:si_signo=SIGSEGV: si_errno=0, si_code=1 (SEGV_MAPERR), si_addr=0x0000000000000010

Registers:
RAX=0x0000000000000000, RBX=0x0000000000000000, RCX=0x0000000000000013, RDX=0x0000000000000000
RSP=0x00000001687f2aa0, RBP=0x00000001687f2aa0, RSI=0x0000000000000013, RDI=0x0000000000000010
R8 =0x0000000000000018, R9 =0x0000000000000013, R10=0x0000000000000000, R11=0x00007fda6bc0b610
R12=0x00007fda6a80a800, R13=0x00007fda69150880, R14=0x0000000149f5b250, R15=0x00007fda6a80a9d8
RIP=0x000000011049e620, EFLAGS=0x0000000000010246, ERR=0x0000000000000004
  TRAPNO=0x000000000000000e

Top of Stack: (sp=0x00000001687f2aa0)
0x00000001687f2aa0:   00000001687f2b10 00000001102adb8b
0x00000001687f2ab0:   00007fda6a80a800 00007fda6a80a800
0x00000001687f2ac0:   0000000000000000 0000000000000000
0x00000001687f2ad0:   00007fda6a80a9d8 00007fda6a80a800
0x00000001687f2ae0:   00007fda6a80a800 00000001687f2b68
0x00000001687f2af0:   00007fda6931a7f0 00007fda69150880
0x00000001687f2b00:   00000001687f2cf0 00007fda6a80a9d8
0x00000001687f2b10:   00000001687f2b40 0000000110bf965e
0x00000001687f2b20:   00000001687f2cf0 0000000110c19da6
0x00000001687f2b30:   00000001687f2b68 0000000110c25568
0x00000001687f2b40:   00000001687f2d60 0000000110c0075e
0x00000001687f2b50:   00000ce300000013 0000000000010a00
0x00000001687f2b60:   00007fda69150a00 00000001687f2bb8
0x00000001687f2b70:   00007fda0000012c 00000001687f2b80
0x00000001687f2b80:   00007fda00000000 00000001687f2bb8
0x00000001687f2b90:   0000000000000000 00007f0000000000
0x00000001687f2ba0:   00000ce30000001b 00007fff0000f180
0x00000001687f2bb0:   00000001687f2bb8 0100000000000000
0x00000001687f2bc0:   0000000001000000 7f00001200000000
0x00000001687f2bd0:   00000070284268da 0000003b00000000
0x00000001687f2be0:   0000010100760000 0000230000000000
0x00000001687f2bf0:   000018af3169da7f 00000d0000000000
0x00000001687f2c00:   0001020076000000 000e000000000000
0x00000001687f2c10:   00e0cc3069da7f00 0019000000000000
0x00000001687f2c20:   0103007600000000 0e00000000000000
0x00000001687f2c30:   d8cc3069da7f0000 0b00000000000000
0x00000001687f2c40:   00000000ea000000 eb00000047000000
0x00000001687f2c50:   cc3069da7f00000e 00000000000000d8
0x00000001687f2c60:   005300000000000b 0000000000000105
0x00000001687f2c70:   3069da7f00000e00 000000000000d8cc
0x00000001687f2c80:   4979746963610b00 006c616e7265746e
0x00000001687f2c90:   0056294928040000 0002000000000000 

Instructions: (pc=0x000000011049e620)
0x000000011049e600:   c0 0f b6 c0 83 c0 02 5d c3 b8 01 00 00 00 5d c3
0x000000011049e610:   55 48 89 e5 85 f6 7f 04 31 c0 eb 2c 89 f1 31 c0
0x000000011049e620:   0f b7 17 8d 72 ff 66 83 fe 7e 77 04 ff c0 eb 0f
0x000000011049e630:   66 81 fa ff 07 77 05 83 c0 02 eb 03 83 c0 03 48 

Register to memory mapping:

RAX=0x0000000000000000 is an unknown value
RBX=0x0000000000000000 is an unknown value
RCX=0x0000000000000013 is an unknown value
RDX=0x0000000000000000 is an unknown value
RSP=0x00000001687f2aa0 is pointing into the stack for thread: 0x00007fda6a80a800
RBP=0x00000001687f2aa0 is pointing into the stack for thread: 0x00007fda6a80a800
RSI=0x0000000000000013 is an unknown value
RDI=0x0000000000000010 is an unknown value
R8 =0x0000000000000018 is an unknown value
R9 =0x0000000000000013 is an unknown value
R10=0x0000000000000000 is an unknown value
R11=0x00007fda6bc0b610 is an unknown value
R12=0x00007fda6a80a800 is a thread
R13=0x00007fda69150880 is an unknown value
R14=0x0000000149f5b250 is an oop
java.lang.String 
 - klass: 'java/lang/String'
R15=0x00007fda6a80a9d8 is an unknown value


Stack: [0x00000001686f3000,0x00000001687f3000],  sp=0x00000001687f2aa0,  free space=1022k
Native frames: (J=compiled Java code, j=interpreted, Vv=VM code, C=native code)
V  [libjvm.dylib+0x48d620]
V  [libjvm.dylib+0x29cb8b]
C  [libjdwp.dylib+0x765e]  value+0x96
C  [libjdwp.dylib+0xe75e]  debugLoop_run+0x1ce
C  [libjdwp.dylib+0x1f1ba]  attachThread+0x4d
V  [libjvm.dylib+0x309a12]
V  [libjvm.dylib+0x4763cc]
V  [libjvm.dylib+0x4778b2]
V  [libjvm.dylib+0x3b393d]
C  [libsystem_c.dylib+0x14742]  _pthread_start+0x147
C  [libsystem_c.dylib+0x1181]  thread_start+0xd


---------------  P R O C E S S  ---------------

Java Threads: ( => current thread )
  0x00007fda6c800800 JavaThread "Service Thread" daemon [_thread_blocked, id=1758470144, stack(0x0000000168c02000,0x0000000168d02000)]
  0x00007fda69862800 JavaThread "C2 CompilerThread1" daemon [_thread_blocked, id=1757409280, stack(0x0000000168aff000,0x0000000168bff000)]
  0x00007fda69860800 JavaThread "C2 CompilerThread0" daemon [_thread_blocked, id=1756348416, stack(0x00000001689fc000,0x0000000168afc000)]
  0x00007fda6b000800 JavaThread "JDWP Command Reader" daemon [_thread_in_native, id=1755287552, stack(0x00000001688f9000,0x00000001689f9000)]
  0x00007fda6a80b800 JavaThread "JDWP Event Helper Thread" daemon [_thread_blocked, id=1754226688, stack(0x00000001687f6000,0x00000001688f6000)]
=>0x00007fda6a80a800 JavaThread "JDWP Transport Listener: dt_socket" daemon [_thread_in_vm, id=1753165824, stack(0x00000001686f3000,0x00000001687f3000)]
  0x00007fda6d000000 JavaThread "Signal Dispatcher" daemon [_thread_blocked, id=1752080384, stack(0x00000001685ea000,0x00000001686ea000)]
  0x00007fda69857800 JavaThread "Finalizer" daemon [_thread_blocked, id=1749659648, stack(0x000000016839b000,0x000000016849b000)]
  0x00007fda69856800 JavaThread "Reference Handler" daemon [_thread_blocked, id=1748598784, stack(0x0000000168298000,0x0000000168398000)]
  0x00007fda69800800 JavaThread "main" [_thread_blocked, id=280698880, stack(0x0000000110ab2000,0x0000000110bb2000)]

Other Threads:
  0x00007fda69854000 VMThread [stack: 0x0000000168195000,0x0000000168295000] [id=1747537920]
  0x00007fda6a001800 WatcherThread [stack: 0x0000000168d05000,0x0000000168e05000] [id=1759531008]

VM state:not at safepoint (normal execution)

VM Mutex/Monitor currently owned by a thread: None

Heap
 PSYoungGen      total 21952K, used 1132K [0x0000000149e50000, 0x000000014b6c0000, 0x00000001625a0000)
  eden space 18880K, 6% used [0x0000000149e50000,0x0000000149f6b3d0,0x000000014b0c0000)
  from space 3072K, 0% used [0x000000014b3c0000,0x000000014b3c0000,0x000000014b6c0000)
  to   space 3072K, 0% used [0x000000014b0c0000,0x000000014b0c0000,0x000000014b3c0000)
 ParOldGen       total 50048K, used 0K [0x0000000118fa0000, 0x000000011c080000, 0x0000000149e50000)
  object space 50048K, 0% used [0x0000000118fa0000,0x0000000118fa0000,0x000000011c080000)
 PSPermGen       total 21248K, used 2648K [0x0000000113da0000, 0x0000000115260000, 0x0000000118fa0000)
  object space 21248K, 12% used [0x0000000113da0000,0x00000001140360e0,0x0000000115260000)

Code Cache  [0x0000000110cc8000, 0x0000000110f38000, 0x0000000113cc8000)
 total_blobs=173 nmethods=1 adapters=133 free_code_cache=48773Kb largest_free_block=49927552

Compilation events (2 events):
Event: 0.123 Thread 0x00007fda69860800    1             java.lang.String::hashCode (67 bytes)
Event: 0.129 Thread 0x00007fda69860800 nmethod 1 0x0000000110d274d0 code [0x0000000110d27620, 0x0000000110d27858]

GC Heap History (0 events):
No events

Deoptimization events (0 events):
No events

Internal exceptions (10 events):
Event: 0.128 Thread 0x00007fda69800800 Threw 0x0000000149f3cca8 at /HUDSON/workspace/jdk7u4-2-build-macosx-x86_64-product/jdk7u4/hotspot/src/share/vm/prims/jvm.cpp:1166
Event: 0.129 Thread 0x00007fda69800800 Threw 0x0000000149f3d728 at /HUDSON/workspace/jdk7u4-2-build-macosx-x86_64-product/jdk7u4/hotspot/src/share/vm/prims/jni.cpp:715
Event: 0.129 Thread 0x00007fda69800800 Threw 0x0000000149f3d848 at /HUDSON/workspace/jdk7u4-2-build-macosx-x86_64-product/jdk7u4/hotspot/src/share/vm/prims/jvm.cpp:1166
Event: 0.129 Thread 0x00007fda69800800 Threw 0x0000000149f3d970 at /HUDSON/workspace/jdk7u4-2-build-macosx-x86_64-product/jdk7u4/hotspot/src/share/vm/prims/jvm.cpp:1166
Event: 0.130 Thread 0x00007fda69800800 Threw 0x0000000149f4fd38 at /HUDSON/workspace/jdk7u4-2-build-macosx-x86_64-product/jdk7u4/hotspot/src/share/vm/prims/jni.cpp:715
Event: 0.130 Thread 0x00007fda69800800 Threw 0x0000000149f4fe58 at /HUDSON/workspace/jdk7u4-2-build-macosx-x86_64-product/jdk7u4/hotspot/src/share/vm/prims/jvm.cpp:1166
Event: 0.131 Thread 0x00007fda69800800 Threw 0x0000000149f4ff80 at /HUDSON/workspace/jdk7u4-2-build-macosx-x86_64-product/jdk7u4/hotspot/src/share/vm/prims/jvm.cpp:1166
Event: 0.131 Thread 0x00007fda69800800 Threw 0x0000000149f501d0 at /HUDSON/workspace/jdk7u4-2-build-macosx-x86_64-product/jdk7u4/hotspot/src/share/vm/prims/jvm.cpp:1166
Event: 0.133 Thread 0x00007fda69800800 Threw 0x0000000149f559b0 at /HUDSON/workspace/jdk7u4-2-build-macosx-x86_64-product/jdk7u4/hotspot/src/share/vm/prims/jvm.cpp:1166
Event: 36.026 Thread 0x00007fda69800800 Threw 0x0000000149f58a30 at /HUDSON/workspace/jdk7u4-2-build-macosx-x86_64-product/jdk7u4/hotspot/src/share/vm/prims/jvm.cpp:1166

Events (10 events):
Event: 177.087 Executing VM operation: GetOrSetLocal
Event: 177.087 Executing VM operation: GetOrSetLocal done
Event: 177.319 Executing VM operation: EnterInterpOnlyMode
Event: 177.319 Executing VM operation: EnterInterpOnlyMode done
Event: 177.319 Executing VM operation: GetCurrentLocation
Event: 177.319 Executing VM operation: GetCurrentLocation done
Event: 177.319 Executing VM operation: ChangeSingleStep
Event: 177.319 Executing VM operation: ChangeSingleStep done
Event: 177.320 Executing VM operation: ChangeSingleStep
Event: 177.320 Executing VM operation: ChangeSingleStep done


Dynamic libraries:
0x0000000007330000 	/System/Library/Frameworks/Cocoa.framework/Versions/A/Cocoa
0x0000000007330000 	/System/Library/Frameworks/Security.framework/Versions/A/Security
0x0000000007330000 	/System/Library/Frameworks/ApplicationServices.framework/Versions/A/ApplicationServices
0x0000000007330000 	/usr/lib/libz.1.dylib
0x0000000007330000 	/usr/lib/libSystem.B.dylib
0x0000000007330000 	/usr/lib/libobjc.A.dylib
0x0000000007330000 	/System/Library/Frameworks/CoreFoundation.framework/Versions/A/CoreFoundation
0x0000000007330000 	/System/Library/Frameworks/AppKit.framework/Versions/C/AppKit
0x0000000007330000 	/System/Library/Frameworks/CoreData.framework/Versions/A/CoreData
0x0000000007330000 	/System/Library/Frameworks/Foundation.framework/Versions/C/Foundation
0x0000000007330000 	/System/Library/PrivateFrameworks/RemoteViewServices.framework/Versions/A/RemoteViewServices
0x0000000007330000 	/System/Library/Frameworks/AudioToolbox.framework/Versions/A/AudioToolbox
0x0000000007330000 	/System/Library/Frameworks/AudioUnit.framework/Versions/A/AudioUnit
0x0000000007330000 	/System/Library/PrivateFrameworks/DataDetectorsCore.framework/Versions/A/DataDetectorsCore
0x0000000007330000 	/System/Library/PrivateFrameworks/DesktopServicesPriv.framework/Versions/A/DesktopServicesPriv
0x0000000007330000 	/System/Library/Frameworks/Carbon.framework/Versions/A/Frameworks/HIToolbox.framework/Versions/A/HIToolbox
0x0000000007330000 	/System/Library/Frameworks/QuartzCore.framework/Versions/A/QuartzCore
0x0000000007330000 	/System/Library/Frameworks/Carbon.framework/Versions/A/Frameworks/SpeechRecognition.framework/Versions/A/SpeechRecognition
0x0000000007330000 	/usr/lib/libauto.dylib
0x0000000007330000 	/usr/lib/libicucore.A.dylib
0x0000000007330000 	/usr/lib/libxml2.2.dylib
0x0000000007330000 	/System/Library/PrivateFrameworks/CoreUI.framework/Versions/A/CoreUI
0x0000000007330000 	/System/Library/Frameworks/CoreAudio.framework/Versions/A/CoreAudio
0x0000000007330000 	/System/Library/Frameworks/DiskArbitration.framework/Versions/A/DiskArbitration
0x0000000007330000 	/usr/lib/liblangid.dylib
0x0000000007330000 	/System/Library/PrivateFrameworks/MultitouchSupport.framework/Versions/A/MultitouchSupport
0x0000000007330000 	/System/Library/Frameworks/IOKit.framework/Versions/A/IOKit
0x0000000007330000 	/usr/lib/libDiagnosticMessagesClient.dylib
0x0000000007330000 	/System/Library/Frameworks/CoreServices.framework/Versions/A/CoreServices
0x0000000007330000 	/System/Library/PrivateFrameworks/PerformanceAnalysis.framework/Versions/A/PerformanceAnalysis
0x0000000007330000 	/System/Library/PrivateFrameworks/GenerationalStorage.framework/Versions/A/GenerationalStorage
0x0000000007330000 	/System/Library/Frameworks/OpenGL.framework/Versions/A/OpenGL
0x0000000007330000 	/System/Library/Frameworks/CoreText.framework/Versions/A/CoreText
0x0000000007330000 	/System/Library/Frameworks/ImageIO.framework/Versions/A/ImageIO
0x0000000007330000 	/System/Library/PrivateFrameworks/Backup.framework/Versions/A/Backup
0x0000000007330000 	/System/Library/Frameworks/CFNetwork.framework/Versions/A/CFNetwork
0x0000000007330000 	/System/Library/Frameworks/SystemConfiguration.framework/Versions/A/SystemConfiguration
0x0000000007330000 	/usr/lib/libCRFSuite.dylib
0x0000000007330000 	/System/Library/PrivateFrameworks/TCC.framework/Versions/A/TCC
0x0000000007330000 	/usr/lib/libc++.1.dylib
0x0000000007330000 	/usr/lib/libc++abi.dylib
0x0000000007330000 	/usr/lib/system/libcache.dylib
0x0000000007330000 	/usr/lib/system/libcommonCrypto.dylib
0x0000000007330000 	/usr/lib/system/libcompiler_rt.dylib
0x0000000007330000 	/usr/lib/system/libcopyfile.dylib
0x0000000007330000 	/usr/lib/system/libdispatch.dylib
0x0000000007330000 	/usr/lib/system/libdnsinfo.dylib
0x0000000007330000 	/usr/lib/system/libdyld.dylib
0x0000000007330000 	/usr/lib/system/libkeymgr.dylib
0x0000000007330000 	/usr/lib/system/liblaunch.dylib
0x0000000007330000 	/usr/lib/system/libmacho.dylib
0x0000000007330000 	/usr/lib/system/libquarantine.dylib
0x0000000007330000 	/usr/lib/system/libremovefile.dylib
0x0000000007330000 	/usr/lib/system/libsystem_blocks.dylib
0x0000000007330000 	/usr/lib/system/libsystem_c.dylib
0x0000000007330000 	/usr/lib/system/libsystem_dnssd.dylib
0x0000000007330000 	/usr/lib/system/libsystem_info.dylib
0x0000000007330000 	/usr/lib/system/libsystem_kernel.dylib
0x0000000007330000 	/usr/lib/system/libsystem_m.dylib
0x0000000007330000 	/usr/lib/system/libsystem_network.dylib
0x0000000007330000 	/usr/lib/system/libsystem_notify.dylib
0x0000000007330000 	/usr/lib/system/libsystem_sandbox.dylib
0x0000000007330000 	/usr/lib/system/libunc.dylib
0x0000000007330000 	/usr/lib/system/libunwind.dylib
0x0000000007330000 	/usr/lib/system/libxpc.dylib
0x0000000007330000 	/usr/lib/system/libcorecrypto.dylib
0x0000000007330000 	/usr/lib/libstdc++.6.dylib
0x0000000007330000 	/usr/lib/libbsm.0.dylib
0x0000000007330000 	/usr/lib/libsqlite3.dylib
0x0000000007330000 	/usr/lib/libxar.1.dylib
0x0000000007330000 	/usr/lib/libpam.2.dylib
0x0000000007330000 	/usr/lib/libOpenScriptingUtil.dylib
0x0000000007330000 	/usr/lib/libbz2.1.0.dylib
0x0000000007330000 	/System/Library/Frameworks/CoreServices.framework/Versions/A/Frameworks/CarbonCore.framework/Versions/A/CarbonCore
0x0000000007330000 	/System/Library/Frameworks/CoreServices.framework/Versions/A/Frameworks/Metadata.framework/Versions/A/Metadata
0x0000000007330000 	/System/Library/Frameworks/CoreServices.framework/Versions/A/Frameworks/OSServices.framework/Versions/A/OSServices
0x0000000007330000 	/System/Library/Frameworks/CoreServices.framework/Versions/A/Frameworks/SearchKit.framework/Versions/A/SearchKit
0x0000000007330000 	/System/Library/Frameworks/CoreServices.framework/Versions/A/Frameworks/AE.framework/Versions/A/AE
0x0000000007330000 	/System/Library/Frameworks/CoreServices.framework/Versions/A/Frameworks/LaunchServices.framework/Versions/A/LaunchServices
0x0000000007330000 	/System/Library/Frameworks/CoreServices.framework/Versions/A/Frameworks/DictionaryServices.framework/Versions/A/DictionaryServices
0x0000000007330000 	/System/Library/Frameworks/NetFS.framework/Versions/A/NetFS
0x0000000007330000 	/usr/lib/system/libkxld.dylib
0x0000000007330000 	/System/Library/PrivateFrameworks/NetAuth.framework/Versions/A/NetAuth
0x0000000007330000 	/System/Library/Frameworks/OpenDirectory.framework/Versions/A/Frameworks/CFOpenDirectory.framework/Versions/A/CFOpenDirectory
0x0000000007330000 	/usr/lib/libxslt.1.dylib
0x0000000007330000 	/System/Library/PrivateFrameworks/FamilyControls.framework/Versions/A/FamilyControls
0x0000000007330000 	/System/Library/Frameworks/Carbon.framework/Versions/A/Frameworks/Ink.framework/Versions/A/Ink
0x0000000007330000 	/System/Library/Frameworks/ApplicationServices.framework/Versions/A/Frameworks/CoreGraphics.framework/Versions/A/CoreGraphics
0x0000000007330000 	/System/Library/Frameworks/ApplicationServices.framework/Versions/A/Frameworks/ATS.framework/Versions/A/ATS
0x0000000007330000 	/System/Library/Frameworks/ApplicationServices.framework/Versions/A/Frameworks/ColorSync.framework/Versions/A/ColorSync
0x0000000007330000 	/System/Library/Frameworks/ApplicationServices.framework/Versions/A/Frameworks/HIServices.framework/Versions/A/HIServices
0x0000000007330000 	/System/Library/Frameworks/ApplicationServices.framework/Versions/A/Frameworks/LangAnalysis.framework/Versions/A/LangAnalysis
0x0000000007330000 	/System/Library/Frameworks/ApplicationServices.framework/Versions/A/Frameworks/PrintCore.framework/Versions/A/PrintCore
0x0000000007330000 	/System/Library/Frameworks/ApplicationServices.framework/Versions/A/Frameworks/QD.framework/Versions/A/QD
0x0000000007330000 	/System/Library/Frameworks/ApplicationServices.framework/Versions/A/Frameworks/SpeechSynthesis.framework/Versions/A/SpeechSynthesis
0x0000000007330000 	/System/Library/Frameworks/IOSurface.framework/Versions/A/IOSurface
0x0000000007330000 	/System/Library/Frameworks/Accelerate.framework/Versions/A/Accelerate
0x0000000007330000 	/System/Library/Frameworks/ApplicationServices.framework/Versions/A/Frameworks/ATS.framework/Versions/A/Resources/libFontParser.dylib
0x0000000007330000 	/System/Library/Frameworks/ApplicationServices.framework/Versions/A/Frameworks/ATS.framework/Versions/A/Resources/libFontRegistry.dylib
0x0000000007330000 	/System/Library/Frameworks/Accelerate.framework/Versions/A/Frameworks/vImage.framework/Versions/A/vImage
0x0000000007330000 	/System/Library/Frameworks/Accelerate.framework/Versions/A/Frameworks/vecLib.framework/Versions/A/vecLib
0x0000000007330000 	/System/Library/Frameworks/Accelerate.framework/Versions/A/Frameworks/vecLib.framework/Versions/A/libvDSP.dylib
0x0000000007330000 	/System/Library/Frameworks/Accelerate.framework/Versions/A/Frameworks/vecLib.framework/Versions/A/libvMisc.dylib
0x0000000007330000 	/System/Library/Frameworks/Accelerate.framework/Versions/A/Frameworks/vecLib.framework/Versions/A/libLAPACK.dylib
0x0000000007330000 	/System/Library/Frameworks/Accelerate.framework/Versions/A/Frameworks/vecLib.framework/Versions/A/libBLAS.dylib
0x0000000007330000 	/System/Library/Frameworks/ImageIO.framework/Versions/A/Resources/libJPEG.dylib
0x0000000007330000 	/System/Library/Frameworks/ImageIO.framework/Versions/A/Resources/libTIFF.dylib
0x0000000007330000 	/System/Library/Frameworks/ImageIO.framework/Versions/A/Resources/libPng.dylib
0x0000000007330000 	/System/Library/Frameworks/ImageIO.framework/Versions/A/Resources/libGIF.dylib
0x0000000007330000 	/System/Library/Frameworks/ImageIO.framework/Versions/A/Resources/libJP2.dylib
0x0000000007330000 	/System/Library/Frameworks/ImageIO.framework/Versions/A/Resources/libRadiance.dylib
0x0000000007330000 	/usr/lib/libcups.2.dylib
0x0000000007330000 	/System/Library/Frameworks/Kerberos.framework/Versions/A/Kerberos
0x0000000007330000 	/System/Library/Frameworks/GSS.framework/Versions/A/GSS
0x0000000007330000 	/usr/lib/libresolv.9.dylib
0x0000000007330000 	/usr/lib/libiconv.2.dylib
0x0000000007330000 	/System/Library/PrivateFrameworks/Heimdal.framework/Versions/A/Heimdal
0x0000000007330000 	/System/Library/PrivateFrameworks/TrustEvaluationAgent.framework/Versions/A/TrustEvaluationAgent
0x0000000007330000 	/System/Library/Frameworks/OpenDirectory.framework/Versions/A/OpenDirectory
0x0000000007330000 	/System/Library/PrivateFrameworks/CommonAuth.framework/Versions/A/CommonAuth
0x0000000007330000 	/System/Library/PrivateFrameworks/Bom.framework/Versions/A/Bom
0x0000000007330000 	/System/Library/Frameworks/CoreVideo.framework/Versions/A/CoreVideo
0x0000000007330000 	/System/Library/Frameworks/QuartzCore.framework/Versions/A/Frameworks/CoreImage.framework/Versions/A/CoreImage
0x0000000007330000 	/System/Library/Frameworks/QuartzCore.framework/Versions/A/Frameworks/ScalableUserInterface.framework/Versions/A/ScalableUserInterface
0x0000000007330000 	/System/Library/Frameworks/OpenGL.framework/Versions/A/Libraries/libGLU.dylib
0x0000000007330000 	/System/Library/Frameworks/OpenGL.framework/Versions/A/Libraries/libGFXShared.dylib
0x0000000007330000 	/System/Library/Frameworks/OpenGL.framework/Versions/A/Libraries/libGL.dylib
0x0000000007330000 	/System/Library/Frameworks/OpenGL.framework/Versions/A/Libraries/libGLImage.dylib
0x0000000007330000 	/System/Library/Frameworks/OpenGL.framework/Versions/A/Libraries/libCVMSPluginSupport.dylib
0x0000000007330000 	/System/Library/Frameworks/OpenGL.framework/Versions/A/Libraries/libCoreVMClient.dylib
0x0000000007330000 	/System/Library/PrivateFrameworks/CrashReporterSupport.framework/Versions/A/CrashReporterSupport
0x0000000007330000 	/System/Library/Frameworks/OpenCL.framework/Versions/A/OpenCL
0x0000000007330000 	/System/Library/PrivateFrameworks/FaceCoreLight.framework/Versions/A/FaceCoreLight
0x0000000007330000 	/System/Library/PrivateFrameworks/AppleFSCompression.framework/Versions/A/AppleFSCompression
0x0000000007330000 	/System/Library/PrivateFrameworks/Ubiquity.framework/Versions/A/Ubiquity
0x0000000007330000 	/System/Library/Frameworks/ServiceManagement.framework/Versions/A/ServiceManagement
0x0000000007330000 	/System/Library/PrivateFrameworks/ChunkingLibrary.framework/Versions/A/ChunkingLibrary
0x0000000007330000 	/System/Library/Frameworks/vecLib.framework/Versions/A/vecLib
0x0000000007330000 	/System/Library/Frameworks/SecurityFoundation.framework/Versions/A/SecurityFoundation
0x0000000007330000 	/System/Library/PrivateFrameworks/CommerceKit.framework/Versions/A/Frameworks/CommerceCore.framework/Versions/A/CommerceCore
0x0000000007330000 	/System/Library/PrivateFrameworks/CoreSymbolication.framework/Versions/A/CoreSymbolication
0x0000000007330000 	/System/Library/PrivateFrameworks/Symbolication.framework/Versions/A/Symbolication
0x0000000007330000 	/System/Library/PrivateFrameworks/DebugSymbols.framework/Versions/A/DebugSymbols
0x0000000110011000 	/Library/Java/JavaVirtualMachines/1.7.0.jdk/Contents/Home/jre/lib/server/libjvm.dylib
0x0000000110bb4000 	/Library/Java/JavaVirtualMachines/1.7.0.jdk/Contents/Home/jre/lib/libverify.dylib
0x0000000110bc1000 	/Library/Java/JavaVirtualMachines/1.7.0.jdk/Contents/Home/jre/lib/libjava.dylib
0x0000000110bf2000 	/Library/Java/JavaVirtualMachines/1.7.0.jdk/Contents/Home/jre/lib/libjdwp.dylib
0x0000000110c2f000 	/Library/Java/JavaVirtualMachines/1.7.0.jdk/Contents/Home/jre/lib/./libnpt.dylib
0x0000000110cbf000 	/Library/Java/JavaVirtualMachines/1.7.0.jdk/Contents/Home/jre/lib/libzip.dylib
0x000000016849d000 	/System/Library/Frameworks/JavaVM.framework/Frameworks/JavaRuntimeSupport.framework/JavaRuntimeSupport
0x00000001684b5000 	/System/Library/Frameworks/JavaVM.framework/Versions/A/Frameworks/JavaNativeFoundation.framework/Versions/A/JavaNativeFoundation
0x00000001684ca000 	/System/Library/Frameworks/JavaVM.framework/Versions/A/JavaVM
0x0000000007330000 	/System/Library/Frameworks/Carbon.framework/Versions/A/Carbon
0x00000001684d7000 	/System/Library/PrivateFrameworks/JavaLaunching.framework/Versions/A/JavaLaunching
0x0000000007330000 	/System/Library/Frameworks/Carbon.framework/Versions/A/Frameworks/CommonPanels.framework/Versions/A/CommonPanels
0x0000000007330000 	/System/Library/Frameworks/Carbon.framework/Versions/A/Frameworks/Help.framework/Versions/A/Help
0x0000000007330000 	/System/Library/Frameworks/Carbon.framework/Versions/A/Frameworks/ImageCapture.framework/Versions/A/ImageCapture
0x0000000007330000 	/System/Library/Frameworks/Carbon.framework/Versions/A/Frameworks/OpenScripting.framework/Versions/A/OpenScripting
0x0000000007330000 	/System/Library/Frameworks/Carbon.framework/Versions/A/Frameworks/Print.framework/Versions/A/Print
0x0000000007330000 	/System/Library/Frameworks/Carbon.framework/Versions/A/Frameworks/SecurityHI.framework/Versions/A/SecurityHI
0x00000001686ec000 	/Library/Java/JavaVirtualMachines/1.7.0.jdk/Contents/Home/jre/lib/libdt_socket.dylib

VM Arguments:
jvm_args: -agentlib:jdwp=transport=dt_socket,suspend=y,address=localhost:57463 -Dfile.encoding=US-ASCII 
java_command: com.scico.GenSeqImpl2
Launcher Type: SUN_STANDARD

Environment Variables:
PATH=/usr/bin:/bin:/usr/sbin:/sbin
SHELL=/bin/bash
DISPLAY=/tmp/launch-o4O6ej/org.macosforge.xquartz:0

Signal Handlers:
SIGSEGV: [libjvm.dylib+0x4a177d], sa_mask[0]=0xfffefeff, sa_flags=0x00000042
SIGBUS: [libjvm.dylib+0x4a177d], sa_mask[0]=0xfffefeff, sa_flags=0x00000042
SIGFPE: [libjvm.dylib+0x3b1541], sa_mask[0]=0xfffefeff, sa_flags=0x00000042
SIGPIPE: [libjvm.dylib+0x3b1541], sa_mask[0]=0xfffefeff, sa_flags=0x00000042
SIGXFSZ: [libjvm.dylib+0x3b1541], sa_mask[0]=0xfffefeff, sa_flags=0x00000042
SIGILL: [libjvm.dylib+0x3b1541], sa_mask[0]=0xfffefeff, sa_flags=0x00000042
SIGUSR1: SIG_DFL, sa_mask[0]=0x00000000, sa_flags=0x00000002
SIGUSR2: [libjvm.dylib+0x3b10ce], sa_mask[0]=0x00000004, sa_flags=0x00000042
SIGHUP: [libjvm.dylib+0x3af2f3], sa_mask[0]=0xfffefeff, sa_flags=0x00000042
SIGINT: [libjvm.dylib+0x3af2f3], sa_mask[0]=0xfffefeff, sa_flags=0x00000042
SIGTERM: [libjvm.dylib+0x3af2f3], sa_mask[0]=0xfffefeff, sa_flags=0x00000042
SIGQUIT: [libjvm.dylib+0x3af2f3], sa_mask[0]=0xfffefeff, sa_flags=0x00000042


---------------  S Y S T E M  ---------------

OS:Bsd
uname:Darwin 12.2.0 Darwin Kernel Version 12.2.0: Sat Aug 25 00:48:52 PDT 2012; root:xnu-2050.18.24~1/RELEASE_X86_64 x86_64
rlimit: STACK 8192k, CORE 0k, NPROC 709, NOFILE 10240
CPU:total 8 (4 cores per cpu, 2 threads per core) family 6 model 58 stepping 9, cmov, cx8, fxsr, mmx, sse, sse2, sse3, ssse3, sse4.1, sse4.2, popcnt, avx, ht, tsc, tscinvbit, tscinv

Memory: 4k page, physical 4800812k(1200203k free)

/proc/meminfo:


vm_info: Java HotSpot(TM) 64-Bit Server VM (23.0-b21) for bsd-amd64 JRE (1.7.0_04-b21), built on Apr 19 2012 22:33:17 by "java_re" with gcc 4.2.1 (Based on Apple Inc. build 5658) (LLVM build 2336.1.00)

time: Thu Feb 21 12:46:15 2013
elapsed time: 177 seconds

